mode: atomic
github.com/kcp-dev/generic-controlplane/server/cmd/help/doc.go:34.27,38.2 3 0
github.com/kcp-dev/generic-controlplane/server/cmd/help/doc.go:40.33,42.16 2 0
github.com/kcp-dev/generic-controlplane/server/cmd/help/doc.go:42.16,44.3 1 0
github.com/kcp-dev/generic-controlplane/server/cmd/help/doc.go:46.2,46.73 1 0
github.com/kcp-dev/generic-controlplane/server/cmd/help/doc.go:46.73,48.3 1 0
github.com/kcp-dev/generic-controlplane/server/batteries/battery.go:95.34,97.2 1 0
github.com/kcp-dev/generic-controlplane/server/batteries/battery.go:99.20,103.43 2 0
github.com/kcp-dev/generic-controlplane/server/batteries/battery.go:103.43,105.3 1 0
github.com/kcp-dev/generic-controlplane/server/batteries/battery.go:106.2,106.10 1 0
github.com/kcp-dev/generic-controlplane/server/batteries/battery.go:109.39,113.2 3 0
github.com/kcp-dev/generic-controlplane/server/batteries/battery.go:115.40,119.2 3 0
github.com/kcp-dev/generic-controlplane/server/batteries/battery.go:121.56,124.2 2 0
github.com/kcp-dev/generic-controlplane/server/batteries/battery.go:127.83,144.2 16 0
github.com/kcp-dev/generic-controlplane/server/batteries/battery.go:146.73,159.35 2 0
github.com/kcp-dev/generic-controlplane/server/batteries/battery.go:159.35,165.3 1 0
github.com/kcp-dev/generic-controlplane/server/batteries/battery.go:167.2,167.76 1 0
github.com/kcp-dev/generic-controlplane/server/batteries/battery.go:170.65,171.35 1 0
github.com/kcp-dev/generic-controlplane/server/batteries/battery.go:171.35,172.58 1 0
github.com/kcp-dev/generic-controlplane/server/batteries/battery.go:172.58,174.4 1 0
github.com/kcp-dev/generic-controlplane/server/batteries/battery.go:176.2,176.14 1 0
github.com/kcp-dev/generic-controlplane/server/batteries/battery.go:179.145,181.29 2 0
github.com/kcp-dev/generic-controlplane/server/batteries/battery.go:181.29,182.46 1 0
github.com/kcp-dev/generic-controlplane/server/batteries/battery.go:182.46,183.12 1 0
github.com/kcp-dev/generic-controlplane/server/batteries/battery.go:185.3,185.32 1 0
github.com/kcp-dev/generic-controlplane/server/batteries/battery.go:187.2,187.15 1 0
github.com/kcp-dev/generic-controlplane/server/batteries/options.go:49.47,50.14 1 0
github.com/kcp-dev/generic-controlplane/server/batteries/options.go:50.14,52.3 1 0
github.com/kcp-dev/generic-controlplane/server/batteries/options.go:54.2,57.37 4 0
github.com/kcp-dev/generic-controlplane/server/batteries/options.go:57.37,58.25 1 0
github.com/kcp-dev/generic-controlplane/server/batteries/options.go:58.25,60.4 1 0
github.com/kcp-dev/generic-controlplane/server/batteries/options.go:62.2,62.42 1 0
github.com/kcp-dev/generic-controlplane/server/batteries/options.go:62.42,63.24 1 0
github.com/kcp-dev/generic-controlplane/server/batteries/options.go:63.24,65.4 1 0
github.com/kcp-dev/generic-controlplane/server/batteries/options.go:66.3,67.18 2 0
github.com/kcp-dev/generic-controlplane/server/batteries/options.go:67.18,69.4 1 0
github.com/kcp-dev/generic-controlplane/server/batteries/options.go:71.2,75.4 1 0
github.com/kcp-dev/generic-controlplane/server/batteries/options.go:79.46,81.33 1 0
github.com/kcp-dev/generic-controlplane/server/batteries/options.go:81.33,82.21 1 0
github.com/kcp-dev/generic-controlplane/server/batteries/options.go:82.21,83.12 1 0
github.com/kcp-dev/generic-controlplane/server/batteries/options.go:85.3,85.18 1 0
github.com/kcp-dev/generic-controlplane/server/batteries/options.go:86.12,87.52 1 0
github.com/kcp-dev/generic-controlplane/server/batteries/options.go:87.52,89.5 1 0
github.com/kcp-dev/generic-controlplane/server/batteries/options.go:90.4,90.32 1 0
github.com/kcp-dev/generic-controlplane/server/batteries/options.go:91.12,92.52 1 0
github.com/kcp-dev/generic-controlplane/server/batteries/options.go:92.52,94.5 1 0
github.com/kcp-dev/generic-controlplane/server/batteries/options.go:95.4,95.31 1 0
github.com/kcp-dev/generic-controlplane/server/batteries/options.go:96.11,97.52 1 0
github.com/kcp-dev/generic-controlplane/server/batteries/options.go:97.52,99.5 1 0
github.com/kcp-dev/generic-controlplane/server/batteries/options.go:100.4,100.27 1 0
github.com/kcp-dev/generic-controlplane/server/batteries/options.go:104.2,112.35 2 0
github.com/kcp-dev/generic-controlplane/server/batteries/options.go:112.35,114.3 1 0
github.com/kcp-dev/generic-controlplane/server/batteries/options.go:116.2,116.12 1 0
github.com/kcp-dev/generic-controlplane/server/batteries/options.go:120.46,122.33 2 0
github.com/kcp-dev/generic-controlplane/server/batteries/options.go:122.33,124.47 2 0
github.com/kcp-dev/generic-controlplane/server/batteries/options.go:124.47,126.4 1 0
github.com/kcp-dev/generic-controlplane/server/batteries/options.go:128.2,128.13 1 0
github.com/kcp-dev/generic-controlplane/server/readiness/ready.go:17.69,27.16 6 0
github.com/kcp-dev/generic-controlplane/server/readiness/ready.go:27.16,29.3 1 0
github.com/kcp-dev/generic-controlplane/server/readiness/ready.go:30.2,31.16 2 0
github.com/kcp-dev/generic-controlplane/server/readiness/ready.go:31.16,33.3 1 0
github.com/kcp-dev/generic-controlplane/server/readiness/ready.go:35.2,35.6 1 0
github.com/kcp-dev/generic-controlplane/server/readiness/ready.go:35.6,38.10 2 0
github.com/kcp-dev/generic-controlplane/server/readiness/ready.go:39.21,40.41 1 0
github.com/kcp-dev/generic-controlplane/server/readiness/ready.go:41.11,41.11 0 0
github.com/kcp-dev/generic-controlplane/server/readiness/ready.go:44.3,45.38 2 0
github.com/kcp-dev/generic-controlplane/server/readiness/ready.go:45.38,48.49 2 0
github.com/kcp-dev/generic-controlplane/server/readiness/ready.go:48.49,51.5 2 0
github.com/kcp-dev/generic-controlplane/server/readiness/ready.go:56.3,56.25 1 0
github.com/kcp-dev/generic-controlplane/server/readiness/ready.go:56.25,57.83 1 0
github.com/kcp-dev/generic-controlplane/server/readiness/ready.go:57.83,61.5 3 0
github.com/kcp-dev/generic-controlplane/server/readiness/ready.go:64.3,66.26 3 0
github.com/kcp-dev/generic-controlplane/server/readiness/ready.go:66.26,68.9 2 0
github.com/kcp-dev/generic-controlplane/server/readiness/ready.go:70.3,70.112 1 0
github.com/kcp-dev/generic-controlplane/server/readiness/ready.go:74.2,74.12 1 0
github.com/kcp-dev/generic-controlplane/server/readiness/ready.go:79.61,82.53 3 0
github.com/kcp-dev/generic-controlplane/server/readiness/ready.go:82.53,83.108 1 0
github.com/kcp-dev/generic-controlplane/server/readiness/ready.go:83.108,88.4 1 0
github.com/kcp-dev/generic-controlplane/server/readiness/ready.go:90.2,90.26 1 0
github.com/kcp-dev/generic-controlplane/server/cmd/options/authentication.go:54.66,59.2 1 0
github.com/kcp-dev/generic-controlplane/server/cmd/options/authentication.go:62.50,63.14 1 0
github.com/kcp-dev/generic-controlplane/server/cmd/options/authentication.go:63.14,65.3 1 0
github.com/kcp-dev/generic-controlplane/server/cmd/options/authentication.go:67.2,69.67 2 0
github.com/kcp-dev/generic-controlplane/server/cmd/options/authentication.go:69.67,71.3 1 0
github.com/kcp-dev/generic-controlplane/server/cmd/options/authentication.go:73.2,73.13 1 0
github.com/kcp-dev/generic-controlplane/server/cmd/options/authentication.go:77.59,78.14 1 0
github.com/kcp-dev/generic-controlplane/server/cmd/options/authentication.go:78.14,80.3 1 0
github.com/kcp-dev/generic-controlplane/server/cmd/options/authentication.go:82.2,85.136 2 0
github.com/kcp-dev/generic-controlplane/server/cmd/options/authentication.go:91.133,109.257 5 0
github.com/kcp-dev/generic-controlplane/server/cmd/options/authentication.go:109.257,110.44 1 0
github.com/kcp-dev/generic-controlplane/server/cmd/options/authentication.go:110.44,112.4 1 0
github.com/kcp-dev/generic-controlplane/server/cmd/options/authentication.go:114.3,114.40 1 0
github.com/kcp-dev/generic-controlplane/server/cmd/options/authentication.go:114.40,116.4 1 0
github.com/kcp-dev/generic-controlplane/server/cmd/options/authentication.go:118.3,118.25 1 0
github.com/kcp-dev/generic-controlplane/server/cmd/options/authentication.go:121.2,123.54 2 0
github.com/kcp-dev/generic-controlplane/server/cmd/options/authentication.go:127.127,133.2 4 0
github.com/kcp-dev/generic-controlplane/server/cmd/options/authentication.go:135.117,153.24 6 0
github.com/kcp-dev/generic-controlplane/server/cmd/options/authentication.go:153.24,156.3 2 0
github.com/kcp-dev/generic-controlplane/server/cmd/options/authentication.go:158.2,158.20 1 0
github.com/kcp-dev/generic-controlplane/server/cmd/options/config.go:74.54,85.2 1 0
github.com/kcp-dev/generic-controlplane/server/cmd/options/config.go:89.56,97.31 2 0
github.com/kcp-dev/generic-controlplane/server/cmd/options/config.go:97.31,100.17 3 0
github.com/kcp-dev/generic-controlplane/server/cmd/options/config.go:100.17,102.4 1 0
github.com/kcp-dev/generic-controlplane/server/cmd/options/config.go:105.2,111.16 2 0
github.com/kcp-dev/generic-controlplane/server/cmd/options/config.go:111.16,113.3 1 0
github.com/kcp-dev/generic-controlplane/server/cmd/options/config.go:116.2,117.16 2 0
github.com/kcp-dev/generic-controlplane/server/cmd/options/config.go:117.16,119.3 1 0
github.com/kcp-dev/generic-controlplane/server/cmd/options/config.go:121.2,123.16 3 0
github.com/kcp-dev/generic-controlplane/server/cmd/options/config.go:123.16,125.3 1 0
github.com/kcp-dev/generic-controlplane/server/cmd/options/config.go:126.2,130.16 4 0
github.com/kcp-dev/generic-controlplane/server/cmd/options/config.go:130.16,132.3 1 0
github.com/kcp-dev/generic-controlplane/server/cmd/options/config.go:133.2,136.16 3 0
github.com/kcp-dev/generic-controlplane/server/cmd/options/config.go:136.16,138.3 1 0
github.com/kcp-dev/generic-controlplane/server/cmd/options/config.go:141.2,144.15 3 0
github.com/kcp-dev/generic-controlplane/server/cmd/options/options.go:74.42,89.100 4 0
github.com/kcp-dev/generic-controlplane/server/cmd/options/options.go:89.100,91.3 1 0
github.com/kcp-dev/generic-controlplane/server/cmd/options/options.go:94.2,119.10 9 0
github.com/kcp-dev/generic-controlplane/server/cmd/options/options.go:123.56,132.2 6 0
github.com/kcp-dev/generic-controlplane/server/cmd/options/options.go:135.57,136.125 1 0
github.com/kcp-dev/generic-controlplane/server/cmd/options/options.go:136.125,139.3 2 0
github.com/kcp-dev/generic-controlplane/server/cmd/options/options.go:141.2,144.77 3 0
github.com/kcp-dev/generic-controlplane/server/cmd/options/options.go:144.77,147.64 2 0
github.com/kcp-dev/generic-controlplane/server/cmd/options/options.go:147.64,150.18 3 0
github.com/kcp-dev/generic-controlplane/server/cmd/options/options.go:150.18,152.5 1 0
github.com/kcp-dev/generic-controlplane/server/cmd/options/options.go:154.4,155.18 2 0
github.com/kcp-dev/generic-controlplane/server/cmd/options/options.go:155.18,157.5 1 0
github.com/kcp-dev/generic-controlplane/server/cmd/options/options.go:158.4,158.72 1 0
github.com/kcp-dev/generic-controlplane/server/cmd/options/options.go:158.72,160.5 1 0
github.com/kcp-dev/generic-controlplane/server/cmd/options/options.go:161.9,161.24 1 0
github.com/kcp-dev/generic-controlplane/server/cmd/options/options.go:161.24,163.4 1 0
github.com/kcp-dev/generic-controlplane/server/cmd/options/options.go:166.3,168.63 2 0
github.com/kcp-dev/generic-controlplane/server/cmd/options/options.go:168.63,170.4 1 0
github.com/kcp-dev/generic-controlplane/server/cmd/options/options.go:174.2,179.47 5 0
github.com/kcp-dev/generic-controlplane/server/cmd/options/options.go:179.47,181.17 2 0
github.com/kcp-dev/generic-controlplane/server/cmd/options/options.go:181.17,183.4 1 0
github.com/kcp-dev/generic-controlplane/server/cmd/options/options.go:185.2,185.83 1 0
github.com/kcp-dev/generic-controlplane/server/cmd/options/options.go:185.83,187.17 2 0
github.com/kcp-dev/generic-controlplane/server/cmd/options/options.go:187.17,189.4 1 0
github.com/kcp-dev/generic-controlplane/server/cmd/options/options.go:191.2,191.72 1 0
github.com/kcp-dev/generic-controlplane/server/cmd/options/options.go:191.72,193.17 2 0
github.com/kcp-dev/generic-controlplane/server/cmd/options/options.go:193.17,195.4 1 0
github.com/kcp-dev/generic-controlplane/server/cmd/options/options.go:197.2,197.59 1 0
github.com/kcp-dev/generic-controlplane/server/cmd/options/options.go:197.59,199.17 2 0
github.com/kcp-dev/generic-controlplane/server/cmd/options/options.go:199.17,201.4 1 0
github.com/kcp-dev/generic-controlplane/server/cmd/options/options.go:204.2,205.16 2 0
github.com/kcp-dev/generic-controlplane/server/cmd/options/options.go:205.16,207.3 1 0
github.com/kcp-dev/generic-controlplane/server/cmd/options/options.go:209.2,219.8 2 0
github.com/kcp-dev/generic-controlplane/server/cmd/options/options.go:223.47,232.2 6 0
github.com/kcp-dev/generic-controlplane/server/tokengetter/tokengetter.go:19.157,21.2 1 0
github.com/kcp-dev/generic-controlplane/server/tokengetter/tokengetter.go:23.93,25.2 1 0
github.com/kcp-dev/generic-controlplane/server/tokengetter/tokengetter.go:27.71,29.2 1 0
github.com/kcp-dev/generic-controlplane/server/tokengetter/tokengetter.go:31.77,33.2 1 0
github.com/kcp-dev/generic-controlplane/server/tokengetter/tokengetter.go:35.62,37.2 1 0
github.com/kcp-dev/generic-controlplane/cmd/gcp/main.go:33.13,49.2 5 0
github.com/kcp-dev/generic-controlplane/server/cmd/help.go:36.106,37.50 1 0
github.com/kcp-dev/generic-controlplane/server/cmd/help.go:37.50,42.3 4 0
github.com/kcp-dev/generic-controlplane/server/cmd/help.go:43.2,43.58 1 0
github.com/kcp-dev/generic-controlplane/server/cmd/help.go:43.58,47.3 3 0
github.com/kcp-dev/generic-controlplane/server/cmd/help.go:50.103,55.33 4 0
github.com/kcp-dev/generic-controlplane/server/cmd/help.go:55.33,57.21 2 0
github.com/kcp-dev/generic-controlplane/server/cmd/help.go:57.21,58.12 1 0
github.com/kcp-dev/generic-controlplane/server/cmd/help.go:61.3,61.35 1 0
github.com/kcp-dev/generic-controlplane/server/cmd/help.go:61.35,62.35 1 0
github.com/kcp-dev/generic-controlplane/server/cmd/help.go:62.35,64.5 1 0
github.com/kcp-dev/generic-controlplane/server/cmd/help.go:68.2,68.45 1 0
github.com/kcp-dev/generic-controlplane/server/cmd/server.go:60.13,62.2 1 0
github.com/kcp-dev/generic-controlplane/server/cmd/server.go:65.34,68.28 2 0
github.com/kcp-dev/generic-controlplane/server/cmd/server.go:68.28,69.30 1 0
github.com/kcp-dev/generic-controlplane/server/cmd/server.go:69.30,70.26 1 0
github.com/kcp-dev/generic-controlplane/server/cmd/server.go:70.26,72.5 1 0
github.com/kcp-dev/generic-controlplane/server/cmd/server.go:73.9,73.55 1 0
github.com/kcp-dev/generic-controlplane/server/cmd/server.go:73.55,75.4 1 0
github.com/kcp-dev/generic-controlplane/server/cmd/server.go:78.2,88.59 2 0
github.com/kcp-dev/generic-controlplane/server/cmd/server.go:88.59,93.4 2 0
github.com/kcp-dev/generic-controlplane/server/cmd/server.go:94.55,100.111 3 0
github.com/kcp-dev/generic-controlplane/server/cmd/server.go:100.111,102.5 1 0
github.com/kcp-dev/generic-controlplane/server/cmd/server.go:103.4,106.18 3 0
github.com/kcp-dev/generic-controlplane/server/cmd/server.go:106.18,108.5 1 0
github.com/kcp-dev/generic-controlplane/server/cmd/server.go:110.4,110.59 1 0
github.com/kcp-dev/generic-controlplane/server/cmd/server.go:110.59,112.5 1 0
github.com/kcp-dev/generic-controlplane/server/cmd/server.go:115.4,118.38 3 0
github.com/kcp-dev/generic-controlplane/server/cmd/server.go:120.55,121.29 1 0
github.com/kcp-dev/generic-controlplane/server/cmd/server.go:121.29,122.21 1 0
github.com/kcp-dev/generic-controlplane/server/cmd/server.go:122.21,124.6 1 0
github.com/kcp-dev/generic-controlplane/server/cmd/server.go:126.4,126.14 1 0
github.com/kcp-dev/generic-controlplane/server/cmd/server.go:130.2,136.43 6 0
github.com/kcp-dev/generic-controlplane/server/cmd/server.go:136.43,138.3 1 0
github.com/kcp-dev/generic-controlplane/server/cmd/server.go:140.2,151.59 3 0
github.com/kcp-dev/generic-controlplane/server/cmd/server.go:151.59,156.4 2 0
github.com/kcp-dev/generic-controlplane/server/cmd/server.go:157.55,161.4 3 0
github.com/kcp-dev/generic-controlplane/server/cmd/server.go:163.2,172.17 4 0
github.com/kcp-dev/generic-controlplane/server/cmd/server.go:176.68,183.16 4 0
github.com/kcp-dev/generic-controlplane/server/cmd/server.go:183.16,185.3 1 0
github.com/kcp-dev/generic-controlplane/server/cmd/server.go:186.2,187.16 2 0
github.com/kcp-dev/generic-controlplane/server/cmd/server.go:187.16,189.3 1 0
github.com/kcp-dev/generic-controlplane/server/cmd/server.go:192.2,192.42 1 0
github.com/kcp-dev/generic-controlplane/server/cmd/server.go:192.42,194.81 2 0
github.com/kcp-dev/generic-controlplane/server/cmd/server.go:194.81,196.4 1 0
github.com/kcp-dev/generic-controlplane/server/cmd/server.go:199.2,200.16 2 0
github.com/kcp-dev/generic-controlplane/server/cmd/server.go:200.16,202.3 1 0
github.com/kcp-dev/generic-controlplane/server/cmd/server.go:204.2,205.16 2 0
github.com/kcp-dev/generic-controlplane/server/cmd/server.go:205.16,207.3 1 0
github.com/kcp-dev/generic-controlplane/server/cmd/server.go:210.2,211.16 2 0
github.com/kcp-dev/generic-controlplane/server/cmd/server.go:211.16,213.3 1 0
github.com/kcp-dev/generic-controlplane/server/cmd/server.go:217.2,217.12 1 0
github.com/kcp-dev/generic-controlplane/server/cmd/server.go:217.12,218.43 1 0
github.com/kcp-dev/generic-controlplane/server/cmd/server.go:218.43,220.4 1 0
github.com/kcp-dev/generic-controlplane/server/cmd/server.go:224.2,226.16 3 0
github.com/kcp-dev/generic-controlplane/server/cmd/server.go:226.16,228.3 1 0
github.com/kcp-dev/generic-controlplane/server/cmd/server.go:230.2,232.12 2 0
github.com/kcp-dev/generic-controlplane/server/cmd/server.go:236.100,245.55 6 0
github.com/kcp-dev/generic-controlplane/server/cmd/server.go:245.55,248.17 2 0
github.com/kcp-dev/generic-controlplane/server/cmd/server.go:248.17,250.4 1 0
github.com/kcp-dev/generic-controlplane/server/cmd/server.go:252.3,253.17 2 0
github.com/kcp-dev/generic-controlplane/server/cmd/server.go:253.17,255.4 1 0
github.com/kcp-dev/generic-controlplane/server/cmd/server.go:256.8,260.17 3 0
github.com/kcp-dev/generic-controlplane/server/cmd/server.go:260.17,262.4 1 0
github.com/kcp-dev/generic-controlplane/server/cmd/server.go:265.2,266.16 2 0
github.com/kcp-dev/generic-controlplane/server/cmd/server.go:266.16,268.3 1 0
github.com/kcp-dev/generic-controlplane/server/cmd/server.go:269.2,270.16 2 0
github.com/kcp-dev/generic-controlplane/server/cmd/server.go:270.16,272.3 1 0
github.com/kcp-dev/generic-controlplane/server/cmd/server.go:275.2,277.68 2 0
github.com/kcp-dev/generic-controlplane/server/cmd/server.go:277.68,279.3 1 0
github.com/kcp-dev/generic-controlplane/server/cmd/server.go:280.2,280.51 1 0
github.com/kcp-dev/generic-controlplane/server/cmd/server.go:280.51,282.3 1 0
github.com/kcp-dev/generic-controlplane/server/cmd/server.go:286.2,286.55 1 0
github.com/kcp-dev/generic-controlplane/server/cmd/server.go:286.55,288.3 1 0
github.com/kcp-dev/generic-controlplane/server/cmd/server.go:288.8,291.3 2 0
github.com/kcp-dev/generic-controlplane/server/cmd/server.go:292.2,292.16 1 0
github.com/kcp-dev/generic-controlplane/server/cmd/server.go:292.16,295.3 1 0
github.com/kcp-dev/generic-controlplane/server/cmd/server.go:297.2,297.30 1 0
