mode: atomic
github.com/kcp-dev/generic-controlplane/cmd/gcp/main.go:17.13,33.2 5 0
github.com/kcp-dev/generic-controlplane/server/admission/plugins.go:42.62,60.2 2 0
github.com/kcp-dev/generic-controlplane/server/admission/plugins.go:63.52,80.2 2 0
github.com/kcp-dev/generic-controlplane/server/cmd/help.go:36.106,37.50 1 0
github.com/kcp-dev/generic-controlplane/server/cmd/help.go:37.50,42.3 4 0
github.com/kcp-dev/generic-controlplane/server/cmd/help.go:43.2,43.58 1 0
github.com/kcp-dev/generic-controlplane/server/cmd/help.go:43.58,47.3 3 0
github.com/kcp-dev/generic-controlplane/server/cmd/help.go:50.103,55.33 4 0
github.com/kcp-dev/generic-controlplane/server/cmd/help.go:55.33,57.21 2 0
github.com/kcp-dev/generic-controlplane/server/cmd/help.go:57.21,58.12 1 0
github.com/kcp-dev/generic-controlplane/server/cmd/help.go:61.3,61.35 1 0
github.com/kcp-dev/generic-controlplane/server/cmd/help.go:61.35,62.35 1 0
github.com/kcp-dev/generic-controlplane/server/cmd/help.go:62.35,64.5 1 0
github.com/kcp-dev/generic-controlplane/server/cmd/help.go:68.2,68.45 1 0
github.com/kcp-dev/generic-controlplane/server/cmd/server.go:45.13,47.2 1 0
github.com/kcp-dev/generic-controlplane/server/cmd/server.go:50.34,53.28 2 0
github.com/kcp-dev/generic-controlplane/server/cmd/server.go:53.28,54.30 1 0
github.com/kcp-dev/generic-controlplane/server/cmd/server.go:54.30,55.26 1 0
github.com/kcp-dev/generic-controlplane/server/cmd/server.go:55.26,57.5 1 0
github.com/kcp-dev/generic-controlplane/server/cmd/server.go:58.9,58.55 1 0
github.com/kcp-dev/generic-controlplane/server/cmd/server.go:58.55,60.4 1 0
github.com/kcp-dev/generic-controlplane/server/cmd/server.go:63.2,73.59 2 0
github.com/kcp-dev/generic-controlplane/server/cmd/server.go:73.59,78.4 2 0
github.com/kcp-dev/generic-controlplane/server/cmd/server.go:79.55,85.111 3 0
github.com/kcp-dev/generic-controlplane/server/cmd/server.go:85.111,87.5 1 0
github.com/kcp-dev/generic-controlplane/server/cmd/server.go:88.4,91.18 3 0
github.com/kcp-dev/generic-controlplane/server/cmd/server.go:91.18,93.5 1 0
github.com/kcp-dev/generic-controlplane/server/cmd/server.go:95.4,95.59 1 0
github.com/kcp-dev/generic-controlplane/server/cmd/server.go:95.59,97.5 1 0
github.com/kcp-dev/generic-controlplane/server/cmd/server.go:100.4,103.38 3 0
github.com/kcp-dev/generic-controlplane/server/cmd/server.go:105.55,106.29 1 0
github.com/kcp-dev/generic-controlplane/server/cmd/server.go:106.29,107.21 1 0
github.com/kcp-dev/generic-controlplane/server/cmd/server.go:107.21,109.6 1 0
github.com/kcp-dev/generic-controlplane/server/cmd/server.go:111.4,111.14 1 0
github.com/kcp-dev/generic-controlplane/server/cmd/server.go:115.2,121.43 6 0
github.com/kcp-dev/generic-controlplane/server/cmd/server.go:121.43,123.3 1 0
github.com/kcp-dev/generic-controlplane/server/cmd/server.go:125.2,136.59 3 0
github.com/kcp-dev/generic-controlplane/server/cmd/server.go:136.59,141.4 2 0
github.com/kcp-dev/generic-controlplane/server/cmd/server.go:142.55,146.4 3 0
github.com/kcp-dev/generic-controlplane/server/cmd/server.go:148.2,156.17 4 0
github.com/kcp-dev/generic-controlplane/server/cmd/server.go:160.68,167.16 4 0
github.com/kcp-dev/generic-controlplane/server/cmd/server.go:167.16,169.3 1 0
github.com/kcp-dev/generic-controlplane/server/cmd/server.go:170.2,171.16 2 0
github.com/kcp-dev/generic-controlplane/server/cmd/server.go:171.16,173.3 1 0
github.com/kcp-dev/generic-controlplane/server/cmd/server.go:176.2,176.42 1 0
github.com/kcp-dev/generic-controlplane/server/cmd/server.go:176.42,178.81 2 0
github.com/kcp-dev/generic-controlplane/server/cmd/server.go:178.81,180.4 1 0
github.com/kcp-dev/generic-controlplane/server/cmd/server.go:183.2,184.16 2 0
github.com/kcp-dev/generic-controlplane/server/cmd/server.go:184.16,186.3 1 0
github.com/kcp-dev/generic-controlplane/server/cmd/server.go:188.2,189.16 2 0
github.com/kcp-dev/generic-controlplane/server/cmd/server.go:189.16,191.3 1 0
github.com/kcp-dev/generic-controlplane/server/cmd/server.go:194.2,196.16 3 0
github.com/kcp-dev/generic-controlplane/server/cmd/server.go:196.16,198.3 1 0
github.com/kcp-dev/generic-controlplane/server/cmd/server.go:200.2,200.26 1 0
github.com/kcp-dev/generic-controlplane/server/cmd/server.go:204.100,208.16 3 0
github.com/kcp-dev/generic-controlplane/server/cmd/server.go:208.16,210.3 1 0
github.com/kcp-dev/generic-controlplane/server/cmd/server.go:211.2,215.16 3 0
github.com/kcp-dev/generic-controlplane/server/cmd/server.go:215.16,217.3 1 0
github.com/kcp-dev/generic-controlplane/server/cmd/server.go:218.2,219.16 2 0
github.com/kcp-dev/generic-controlplane/server/cmd/server.go:219.16,221.3 1 0
github.com/kcp-dev/generic-controlplane/server/cmd/server.go:222.2,223.16 2 0
github.com/kcp-dev/generic-controlplane/server/cmd/server.go:223.16,225.3 1 0
github.com/kcp-dev/generic-controlplane/server/cmd/server.go:226.2,226.68 1 0
github.com/kcp-dev/generic-controlplane/server/cmd/server.go:226.68,228.3 1 0
github.com/kcp-dev/generic-controlplane/server/cmd/server.go:231.2,232.16 2 0
github.com/kcp-dev/generic-controlplane/server/cmd/server.go:232.16,235.3 1 0
github.com/kcp-dev/generic-controlplane/server/cmd/server.go:237.2,237.30 1 0
github.com/kcp-dev/generic-controlplane/server/cmd/options/authentication.go:51.66,56.2 1 0
github.com/kcp-dev/generic-controlplane/server/cmd/options/authentication.go:58.50,59.14 1 0
github.com/kcp-dev/generic-controlplane/server/cmd/options/authentication.go:59.14,61.3 1 0
github.com/kcp-dev/generic-controlplane/server/cmd/options/authentication.go:63.2,65.67 2 0
github.com/kcp-dev/generic-controlplane/server/cmd/options/authentication.go:65.67,67.3 1 0
github.com/kcp-dev/generic-controlplane/server/cmd/options/authentication.go:69.2,69.13 1 0
github.com/kcp-dev/generic-controlplane/server/cmd/options/authentication.go:72.59,73.14 1 0
github.com/kcp-dev/generic-controlplane/server/cmd/options/authentication.go:73.14,75.3 1 0
github.com/kcp-dev/generic-controlplane/server/cmd/options/authentication.go:77.2,80.136 2 0
github.com/kcp-dev/generic-controlplane/server/cmd/options/authentication.go:86.133,104.257 5 0
github.com/kcp-dev/generic-controlplane/server/cmd/options/authentication.go:104.257,105.44 1 0
github.com/kcp-dev/generic-controlplane/server/cmd/options/authentication.go:105.44,107.4 1 0
github.com/kcp-dev/generic-controlplane/server/cmd/options/authentication.go:109.3,109.40 1 0
github.com/kcp-dev/generic-controlplane/server/cmd/options/authentication.go:109.40,111.4 1 0
github.com/kcp-dev/generic-controlplane/server/cmd/options/authentication.go:113.3,113.25 1 0
github.com/kcp-dev/generic-controlplane/server/cmd/options/authentication.go:116.2,118.54 2 0
github.com/kcp-dev/generic-controlplane/server/cmd/options/authentication.go:121.127,127.2 4 0
github.com/kcp-dev/generic-controlplane/server/cmd/options/authentication.go:129.117,147.24 6 0
github.com/kcp-dev/generic-controlplane/server/cmd/options/authentication.go:147.24,150.3 2 0
github.com/kcp-dev/generic-controlplane/server/cmd/options/authentication.go:152.2,152.20 1 0
github.com/kcp-dev/generic-controlplane/server/cmd/options/config.go:66.54,77.2 1 0
github.com/kcp-dev/generic-controlplane/server/cmd/options/config.go:81.56,86.31 2 0
github.com/kcp-dev/generic-controlplane/server/cmd/options/config.go:86.31,89.17 3 0
github.com/kcp-dev/generic-controlplane/server/cmd/options/config.go:89.17,91.4 1 0
github.com/kcp-dev/generic-controlplane/server/cmd/options/config.go:94.2,100.16 2 0
github.com/kcp-dev/generic-controlplane/server/cmd/options/config.go:100.16,102.3 1 0
github.com/kcp-dev/generic-controlplane/server/cmd/options/config.go:105.2,106.16 2 0
github.com/kcp-dev/generic-controlplane/server/cmd/options/config.go:106.16,108.3 1 0
github.com/kcp-dev/generic-controlplane/server/cmd/options/config.go:110.2,112.16 3 0
github.com/kcp-dev/generic-controlplane/server/cmd/options/config.go:112.16,114.3 1 0
github.com/kcp-dev/generic-controlplane/server/cmd/options/config.go:115.2,119.16 4 0
github.com/kcp-dev/generic-controlplane/server/cmd/options/config.go:119.16,121.3 1 0
github.com/kcp-dev/generic-controlplane/server/cmd/options/config.go:122.2,125.16 3 0
github.com/kcp-dev/generic-controlplane/server/cmd/options/config.go:125.16,127.3 1 0
github.com/kcp-dev/generic-controlplane/server/cmd/options/config.go:128.2,130.15 2 0
github.com/kcp-dev/generic-controlplane/server/cmd/options/options.go:66.42,100.2 9 0
github.com/kcp-dev/generic-controlplane/server/cmd/options/options.go:102.56,113.2 5 0
github.com/kcp-dev/generic-controlplane/server/cmd/options/options.go:115.57,116.125 1 0
github.com/kcp-dev/generic-controlplane/server/cmd/options/options.go:116.125,119.3 2 0
github.com/kcp-dev/generic-controlplane/server/cmd/options/options.go:121.2,122.77 2 0
github.com/kcp-dev/generic-controlplane/server/cmd/options/options.go:122.77,125.64 2 0
github.com/kcp-dev/generic-controlplane/server/cmd/options/options.go:125.64,128.18 3 0
github.com/kcp-dev/generic-controlplane/server/cmd/options/options.go:128.18,130.5 1 0
github.com/kcp-dev/generic-controlplane/server/cmd/options/options.go:132.4,133.18 2 0
github.com/kcp-dev/generic-controlplane/server/cmd/options/options.go:133.18,135.5 1 0
github.com/kcp-dev/generic-controlplane/server/cmd/options/options.go:136.4,136.72 1 0
github.com/kcp-dev/generic-controlplane/server/cmd/options/options.go:136.72,138.5 1 0
github.com/kcp-dev/generic-controlplane/server/cmd/options/options.go:139.9,139.24 1 0
github.com/kcp-dev/generic-controlplane/server/cmd/options/options.go:139.24,141.4 1 0
github.com/kcp-dev/generic-controlplane/server/cmd/options/options.go:144.3,146.63 2 0
github.com/kcp-dev/generic-controlplane/server/cmd/options/options.go:146.63,148.4 1 0
github.com/kcp-dev/generic-controlplane/server/cmd/options/options.go:153.2,158.47 5 0
github.com/kcp-dev/generic-controlplane/server/cmd/options/options.go:158.47,160.17 2 0
github.com/kcp-dev/generic-controlplane/server/cmd/options/options.go:160.17,162.4 1 0
github.com/kcp-dev/generic-controlplane/server/cmd/options/options.go:164.2,164.83 1 0
github.com/kcp-dev/generic-controlplane/server/cmd/options/options.go:164.83,166.17 2 0
github.com/kcp-dev/generic-controlplane/server/cmd/options/options.go:166.17,168.4 1 0
github.com/kcp-dev/generic-controlplane/server/cmd/options/options.go:170.2,170.72 1 0
github.com/kcp-dev/generic-controlplane/server/cmd/options/options.go:170.72,172.17 2 0
github.com/kcp-dev/generic-controlplane/server/cmd/options/options.go:172.17,174.4 1 0
github.com/kcp-dev/generic-controlplane/server/cmd/options/options.go:176.2,176.59 1 0
github.com/kcp-dev/generic-controlplane/server/cmd/options/options.go:176.59,178.17 2 0
github.com/kcp-dev/generic-controlplane/server/cmd/options/options.go:178.17,180.4 1 0
github.com/kcp-dev/generic-controlplane/server/cmd/options/options.go:183.2,184.16 2 0
github.com/kcp-dev/generic-controlplane/server/cmd/options/options.go:184.16,186.3 1 0
github.com/kcp-dev/generic-controlplane/server/cmd/options/options.go:188.2,197.8 2 0
github.com/kcp-dev/generic-controlplane/server/cmd/options/options.go:200.47,208.2 5 0
